open source     > 1 > 1 > /opt/context/tex/texmf-context/tex/context/base/mkiv/cont-yes.mkiv

ConTeXt  ver: 2016.04.27 10:18 MKIV beta  fmt: 2016.4.30  int: english/english

system          > 'cont-new.mkiv' loaded
open source     > 2 > 2 > /opt/context/tex/texmf-context/tex/context/base/mkiv/cont-new.mkiv
close source    > 2 > 2 > /opt/context/tex/texmf-context/tex/context/base/mkiv/cont-new.mkiv
system          > files > jobname 'blah', input './blah', result 'blah'
fonts           > latin modern fonts are not preloaded
languages       > language 'en' is active
open source     > 2 > 3 > /home/brian/hat-book/blah.tex
system          > jobfiles > unknown tex file 'env_dis'
fonts           > preloading latin modern fonts (second stage)
fonts           > 'fallback modern-designsize rm 12pt' is loaded
structure       > sectioning > chapter @ level 2 : 0.1 -> About the project
structure       > sectioning > section @ level 3 : 0.1.1 -> Step 1: planning, 29 April
structure       > sectioning > subsection @ level 4 : 0.1.1.1 -> Technical planning
backend         > xmp > using file '/opt/context/tex/texmf-context/tex/context/base/mkiv/lpdf-pdx.xml'
pages           > flushing realpage 1, userpage 1
structure       > sectioning > subsection @ level 4 : 0.1.1.2 -> Instructions for the final product
structure       > sectioning > section @ level 3 : 0.1.2 -> Software preparation, 30 April
structure       > sectioning > subsection @ level 4 : 0.1.2.1 -> Ubuntu 14.04 install
structure       > sectioning > subject @ level 3 : 0.1.2 -> Random Bibliography - not implemented yet
pages           > flushing realpage 2, userpage 2

Overfull \hbox (3.33966pt too wide) in paragraph at lines 78--79
[]\3>modern-designsize-12pt-rm-tf-0--0 Balka-n-ski, I. 1978b. \3>modern-designsize-12pt-rm-sl-0--0 Kru-mov-grad - arhe-o-logich-eski pamet-nitsi\3>modern-designsize-12pt-rm-tf-0--0 . Sofia: DI [][]‘ Septemvri[]’. 

\hbox(10.42676+4.05484)x426.78743, glue set - 1.0, direction TLT
.\localpar
..\localinterlinepenalty=0
..\localbrokenpenalty=0
..\localleftbox=null
..\localrightbox=null
.\hbox(0.0+0.0)x0.0, direction TLT
.\3>modern-designsize-12pt-rm-tf-0--0 B
.\3>modern-designsize-12pt-rm-tf-0--0 a
.\3>modern-designsize-12pt-rm-tf-0--0 l
.etc.

pages           > flushing realpage 3, userpage 3
close source    > 2 > 3 > /home/brian/hat-book/blah.tex
close source    > 1 > 3 > /opt/context/tex/texmf-context/tex/context/base/mkiv/cont-yes.mkiv

system          > structure > start used structure

used structure  > text: blah

system          > structure > stop used structure


system          > files > start used files

used file       >    1: filename=cont-yes.mkiv filetype=tex foundname=/opt/context/tex/texmf-context/tex/context/base/mkiv/cont-yes.mkiv usedmethod=database
used file       >    2: filename=publ-imp-default.lua filetype=lua foundname=/opt/context/tex/texmf-context/tex/context/base/mkiv/publ-imp-default.lua usedmethod=database
used file       >    3: filename=cont-new.mkiv filetype=tex foundname=/opt/context/tex/texmf-context/tex/context/base/mkiv/cont-new.mkiv usedmethod=database
used file       >    4: filename=lang-us.lua filetype=lua foundname=/opt/context/tex/texmf-context/tex/context/patterns/mkiv/lang-us.lua usedmethod=database
used file       >    5: filename=/home/brian/hat-book/blah.tex foundname=/home/brian/hat-book/blah.tex usedmethod=direct
used file       >    6: filename=lm.lfg filetype=tex foundname=/opt/context/tex/texmf-context/tex/context/fonts/mkiv/lm.lfg usedmethod=database
used file       >    7: filename=lmroman12-regular filetype=otf format=otf foundname=/opt/context/tex/texmf/fonts/opentype/public/lm/lmroman12-regular.otf usedmethod=database
used file       >    8: filename=latinmodern-math.otf filetype=opentypefonts foundname=/opt/context/tex/texmf/fonts/opentype/public/lm-math/latinmodern-math.otf usedmethod=database
used file       >    9: filename=lmroman10-regular filetype=otf format=otf foundname=/opt/context/tex/texmf/fonts/opentype/public/lm/lmroman10-regular.otf usedmethod=database
used file       >   10: filename=lpdf-pdx.xml filetype=tex foundname=/opt/context/tex/texmf-context/tex/context/base/mkiv/lpdf-pdx.xml usedmethod=database
used file       >   11: filename=lmroman8-regular filetype=otf format=otf foundname=/opt/context/tex/texmf/fonts/opentype/public/lm/lmroman8-regular.otf usedmethod=database
used file       >   12: filename=lmromanslant12-regular filetype=otf format=otf foundname=/opt/context/tex/texmf/fonts/opentype/public/lm/lmromanslant12-regular.otf usedmethod=database

system          > files > stop used files


system          > options > start commandline options

used option     > currentrun="2"
used option     > fulljobname="./blah.tex"
used option     > input="./blah.tex"
used option     > kindofrun="2"
used option     > maxnofruns="9"
used option     > no-parse-first-line="true"

system          > options > stop commandline options

system          > options > start commandline files

used file       >    1: ./blah.tex

system          > options > stop commandline files


mkiv lua stats  > used config file: selfautoparent:/texmf/web2c/texmfcnf.lua
mkiv lua stats  > used cache path: /opt/context/tex/texmf-cache/luatex-cache/context/5fe67e0bfe781ce0dde776fb1556f32e
mkiv lua stats  > resource resolver: loadtime 0.013 seconds, 0 scans with scantime 0.000 seconds, 0 shared scans, 12 found files, scanned paths: <none>
mkiv lua stats  > stored bytecode data: 386 modules (0.240 sec), 82 tables (0.010 sec), 468 chunks (0.250 sec)
mkiv lua stats  > traced context: maxstack: 1174, freed: 2, unreachable: 1172
mkiv lua stats  > cleaned up reserved nodes: 47 nodes, 9 lists of 444
mkiv lua stats  > node memory usage: 16 glue, 2 penalty, 51 attribute, 38 glue_spec, 15 attribute_list, 2 temp
mkiv lua stats  > node list callback tasks: 6 unique task lists, 6 instances (re)created, 383 calls
mkiv lua stats  > h-node processing time: 0.021 seconds including kernel
mkiv lua stats  > used backend: pdf (backend for directly generating pdf output)
mkiv lua stats  > jobdata time: 0.002 seconds saving, 0.001 seconds loading
mkiv lua stats  > callbacks: 829 direct, 327 indirect, 1156 total
mkiv lua stats  > randomizer: resumed with value 0.80656671049379
mkiv lua stats  > loaded patterns: en::2, load time: 0.000
mkiv lua stats  > interactive elements: 0 references, 1 destinations
mkiv lua stats  > result saved in file: blah.pdf, compresslevel 3, objectcompresslevel 3
mkiv lua stats  > loaded fonts: 5 files: latinmodern-math.otf, lmroman10-regular.otf, lmroman12-regular.otf, lmroman8-regular.otf, lmromanslant12-regular.otf
mkiv lua stats  > font engine: otf 3.018, afm 1.501, tfm 1.000, 12 instances, 5 shared in backend, 0 common vectors, 5 common hashes, load time 0.315 seconds 
mkiv lua stats  > used platform: linux-64, type: unix, binary subtree: texmf-linux-64
mkiv lua stats  > luatex banner: this is luatex, version 0.95.0 (tex live 2016)
mkiv lua stats  > control sequences: 43861 of 65536 + 100000
mkiv lua stats  > lua properties: engine: lua, used memory: 80 MB (ctx: 80 MB), hash type: lua, hash chars: min(64,40), symbol mask: utf (τεχ)
mkiv lua stats  > runtime: 0.825 seconds, 3 processed pages, 3 shipped pages, 3.636 pages/second

