open source     > 1 > 1 > /opt/context/tex/texmf-context/tex/context/base/mkiv/cont-yes.mkiv

ConTeXt  ver: 2016.05.19 13:43 MKIV current  fmt: 2016.5.20  int: english/english

system          > 'cont-new.mkiv' loaded
open source     > 2 > 2 > /opt/context/tex/texmf-context/tex/context/base/mkiv/cont-new.mkiv
close source    > 2 > 2 > /opt/context/tex/texmf-context/tex/context/base/mkiv/cont-new.mkiv
system          > files > jobname 'titlepage', input './titlepage', result 'titlepage'
fonts           > latin modern fonts are not preloaded
languages       > language 'en' is active
open source     > 2 > 3 > /home/brian/hat-book/titlepage.tex
open source     > 3 > 4 > env_dis.tex
regimes         > loading > vector '8859-2' is loaded
colors          > 'rgb' color space is supported
colors          > 'cmyk' color space is supported
open source     > 4 > 5 > /opt/context/tex/texmf-context/tex/context/fonts/mkiv/type-imp-gentium.mkiv
close source    > 4 > 5 > /opt/context/tex/texmf-context/tex/context/fonts/mkiv/type-imp-gentium.mkiv
fonts           > preloading modern-designsize (math)
fonts           > typescripts > unknown library 'modern-designsize'
fonts           > 'fallback modern-designsize mm 12pt' is loaded
fonts           > preloading modern-designsize (mono)
fonts           > 'fallback modern-designsize tt 12pt' is loaded
setup           > error in line 20, namespace 'notation', instance 'footnote', key '9pt'
close source    > 3 > 5 > env_dis.tex
structures      > begin of sectionblock 'frontpart'
backend         > xmp > using file '/opt/context/tex/texmf-context/tex/context/base/mkiv/lpdf-pdx.xml'
pages           > flushing realpage 1, userpage 1
structures      > end of sectionblock 'frontpart'
close source    > 2 > 5 > /home/brian/hat-book/titlepage.tex
system          > invalid \starttext ... \stoptext structure
pages           > flushing realpage 2, userpage 2
close source    > 1 > 5 > /opt/context/tex/texmf-context/tex/context/base/mkiv/cont-yes.mkiv

system          > structure > start used structure

used structure  > text: titlepage
used structure  >   environment: env_dis

system          > structure > stop used structure


system          > files > start used files

used file       >    1: filename=cont-yes.mkiv filetype=tex foundname=/opt/context/tex/texmf-context/tex/context/base/mkiv/cont-yes.mkiv usedmethod=database
used file       >    2: filename=publ-imp-default.lua filetype=scripts foundname=/opt/context/tex/texmf-context/tex/context/base/mkiv/publ-imp-default.lua usedmethod=database
used file       >    3: filename=cont-new.mkiv filetype=tex foundname=/opt/context/tex/texmf-context/tex/context/base/mkiv/cont-new.mkiv usedmethod=database
used file       >    4: filename=lang-us.lua filetype=scripts foundname=/opt/context/tex/texmf-context/tex/context/patterns/mkiv/lang-us.lua usedmethod=database
used file       >    5: filename=/home/brian/hat-book/titlepage foundname=/home/brian/hat-book/titlepage.tex usedmethod=qualified
used file       >    6: filename=env_dis.tex foundname=env_dis.tex usedmethod=direct
used file       >    7: filename=lang-cs.lua filetype=scripts foundname=/opt/context/tex/texmf-context/tex/context/patterns/mkiv/lang-cs.lua usedmethod=database
used file       >    8: filename=regi-8859-2.lua filetype=scripts foundname=/opt/context/tex/texmf-context/tex/context/base/mkiv/regi-8859-2.lua usedmethod=database
used file       >    9: filename=type-imp-gentium.mkiv filetype=tex foundname=/opt/context/tex/texmf-context/tex/context/fonts/mkiv/type-imp-gentium.mkiv usedmethod=database
used file       >   10: filename=GentiumPlus-R filetype=ttf format=ttf foundname=/opt/context/tex/texmf/fonts/truetype/public/gentium-tug/GentiumPlus-R.ttf usedmethod=database
used file       >   11: filename=GenBasB filetype=ttf format=ttf foundname=/opt/context/tex/texmf/fonts/truetype/public/gentium-tug/GenBasB.ttf usedmethod=database
used file       >   12: filename=GenBasBI filetype=ttf format=ttf foundname=/opt/context/tex/texmf/fonts/truetype/public/gentium-tug/GenBasBI.ttf usedmethod=database
used file       >   13: filename=GentiumPlus-I filetype=ttf format=ttf foundname=/opt/context/tex/texmf/fonts/truetype/public/gentium-tug/GentiumPlus-I.ttf usedmethod=database
used file       >   14: filename=lpdf-pdx.xml filetype=tex foundname=/opt/context/tex/texmf-context/tex/context/base/mkiv/lpdf-pdx.xml usedmethod=database

system          > files > stop used files


system          > options > start commandline options

used option     > currentrun="1"
used option     > fulljobname="./titlepage"
used option     > input="./titlepage"
used option     > kindofrun="1"
used option     > maxnofruns="9"
used option     > no-parse-first-line="true"

system          > options > stop commandline options

system          > options > start commandline files

used file       >    1: ./titlepage

system          > options > stop commandline files


mkiv lua stats  > used config file: selfautoparent:/texmf/web2c/texmfcnf.lua
mkiv lua stats  > used cache path: /opt/context/tex/texmf-cache/luatex-cache/context/5fe67e0bfe781ce0dde776fb1556f32e
mkiv lua stats  > resource resolver: loadtime 0.008 seconds, 0 scans with scantime 0.000 seconds, 0 shared scans, 14 found files, scanned paths: <none>
mkiv lua stats  > stored bytecode data: 387 modules (0.208 sec), 82 tables (0.009 sec), 469 chunks (0.217 sec)
mkiv lua stats  > traced context: maxstack: 1179, freed: 2, unreachable: 1177
mkiv lua stats  > cleaned up reserved nodes: 48 nodes, 9 lists of 444
mkiv lua stats  > node memory usage: 11 glue, 2 penalty, 23 attribute, 38 glue_spec, 8 attribute_list, 2 temp, 2 user_defined
mkiv lua stats  > node list callback tasks: 6 unique task lists, 5 instances (re)created, 125 calls
mkiv lua stats  > used backend: pdf (backend for directly generating pdf output)
mkiv lua stats  > jobdata time: 0.001 seconds saving, 0.000 seconds loading
mkiv lua stats  > callbacks: 366 direct, 410 indirect, 776 total
mkiv lua stats  > randomizer: resumed with value 0.26069460681672
mkiv lua stats  > loaded patterns: cs::16 en::2, load time: 0.000
mkiv lua stats  > result saved in file: titlepage.pdf, compresslevel 3, objectcompresslevel 3
mkiv lua stats  > loaded fonts: 4 files: genbasb.ttf, genbasbi.ttf, gentiumplus-i.ttf, gentiumplus-r.ttf
mkiv lua stats  > font engine: otf 3.020, afm 1.512, tfm 1.000, 13 instances, 9 shared in backend, 0 common vectors, 9 common hashes, load time 0.218 seconds 
mkiv lua stats  > used platform: linux-64, type: unix, binary subtree: texmf-linux-64
mkiv lua stats  > luatex banner: this is luatex, version 0.95.0 (tex live 2016)
mkiv lua stats  > control sequences: 43312 of 65536 + 100000
mkiv lua stats  > lua properties: engine: lua, used memory: 83 MB (ctx: 83 MB), hash type: lua, hash chars: min(64,40), symbol mask: utf (τεχ)
mkiv lua stats  > runtime: 0.565 seconds, 2 processed pages, 2 shipped pages, 3.540 pages/second

